(node:50899) ExperimentalWarning: The ESM module loader is experimental.
2019-01-01T13:00:53.691Z generator task RequestTask
2019-01-01T13:00:53.691Z generator interface  RequestTask [ { name: 'abort',
    href: 'RequestTask.abort.html',
    desc:
     '\n            RequestTask.abort()\n            \n基础库 1.4.0 开始支持，低版本需做兼容处理。\n\n            中断请求任务\n        ',
    parent: [ 'RequestTask' ],
    typing:
     { apiDesc:
        '\n            RequestTask.abort()\n            \n基础库 1.4.0 开始支持，低版本需做兼容处理。\n\n            中断请求任务\n        ',
       params: [],
       returns: { type: '', desc: '' } },
    params: [],
    returns: { type: '', desc: '' },
    type: 'function' },
  { name: 'onHeadersReceived',
    href: 'RequestTask.onHeadersReceived.html',
    desc:
     '\n            RequestTask.onHeadersReceived(function callback)\n            \n基础库 2.1.0 开始支持，低版本需做兼容处理。\n\n            监听 HTTP Response Header 事件。会比请求完成事件更早\n        ',
    parent: [ 'RequestTask' ],
    typing:
     { apiDesc:
        '\n            RequestTask.onHeadersReceived(function callback)\n            \n基础库 2.1.0 开始支持，低版本需做兼容处理。\n\n            监听 HTTP Response Header 事件。会比请求完成事件更早\n        ',
       params:
        [ { alias: 'function callback',
            type: 'function',
            name: 'callback',
            params:
             [ { name: 'res',
                 type: 'Object',
                 alias: 'Object,res',
                 fields:
                  [ { name: 'header',
                      type: 'Object',
                      desc: '开发者服务器返回的 HTTP Response Header',
                      version: '' } ] } ] } ],
       returns: { type: '', desc: '' } },
    params:
     [ { alias: 'function callback',
         type: 'function',
         name: 'callback',
         params:
          [ { name: 'res',
              type: 'Object',
              alias: 'Object,res',
              fields:
               [ { name: 'header',
                   type: 'Object',
                   desc: '开发者服务器返回的 HTTP Response Header',
                   version: '' } ] } ] } ],
    returns: { type: '', desc: '' },
    type: 'function' },
  { name: 'offHeadersReceived',
    href: 'RequestTask.offHeadersReceived.html',
    desc:
     '\n            RequestTask.offHeadersReceived(function callback)\n            \n基础库 2.1.0 开始支持，低版本需做兼容处理。\n\n            取消监听 HTTP Response Header 事件\n        ',
    parent: [ 'RequestTask' ],
    typing:
     { apiDesc:
        '\n            RequestTask.offHeadersReceived(function callback)\n            \n基础库 2.1.0 开始支持，低版本需做兼容处理。\n\n            取消监听 HTTP Response Header 事件\n        ',
       params:
        [ { alias: 'function callback',
            type: 'function',
            name: 'callback' } ],
       returns: { type: '', desc: '' } },
    params:
     [ { alias: 'function callback',
         type: 'function',
         name: 'callback' } ],
    returns: { type: '', desc: '' },
    type: 'function' } ]
2019-01-01T13:00:53.694Z generator field RequestTask.abort { name: 'abort',
  href: 'RequestTask.abort.html',
  desc:
   '\n            RequestTask.abort()\n            \n基础库 1.4.0 开始支持，低版本需做兼容处理。\n\n            中断请求任务\n        ',
  parent: [ 'RequestTask' ],
  typing:
   { apiDesc:
      '\n            RequestTask.abort()\n            \n基础库 1.4.0 开始支持，低版本需做兼容处理。\n\n            中断请求任务\n        ',
     params: [],
     returns: { type: '', desc: '' } },
  params: [],
  returns: { type: '', desc: '' },
  type: 'function' }
2019-01-01T13:00:53.694Z generator field RequestTask.onHeadersReceived { name: 'onHeadersReceived',
  href: 'RequestTask.onHeadersReceived.html',
  desc:
   '\n            RequestTask.onHeadersReceived(function callback)\n            \n基础库 2.1.0 开始支持，低版本需做兼容处理。\n\n            监听 HTTP Response Header 事件。会比请求完成事件更早\n        ',
  parent: [ 'RequestTask' ],
  typing:
   { apiDesc:
      '\n            RequestTask.onHeadersReceived(function callback)\n            \n基础库 2.1.0 开始支持，低版本需做兼容处理。\n\n            监听 HTTP Response Header 事件。会比请求完成事件更早\n        ',
     params:
      [ { alias: 'function callback',
          type: 'function',
          name: 'callback',
          params:
           [ { name: 'res',
               type: 'Object',
               alias: 'Object,res',
               fields:
                [ { name: 'header',
                    type: 'Object',
                    desc: '开发者服务器返回的 HTTP Response Header',
                    version: '' } ] } ] } ],
     returns: { type: '', desc: '' } },
  params:
   [ { alias: 'function callback',
       type: 'function',
       name: 'callback',
       params:
        [ { name: 'res',
            type: 'Object',
            alias: 'Object,res',
            fields:
             [ { name: 'header',
                 type: 'Object',
                 desc: '开发者服务器返回的 HTTP Response Header',
                 version: '' } ] } ] } ],
  returns: { type: '', desc: '' },
  type: 'function' }
2019-01-01T13:00:53.695Z generator param { alias: 'function callback',
  type: 'function',
  name: 'callback',
  params:
   [ { name: 'res',
       type: 'Object',
       alias: 'Object,res',
       fields:
        [ { name: 'header',
            type: 'Object',
            desc: '开发者服务器返回的 HTTP Response Header',
            version: '' } ] } ] }
2019-01-01T13:00:53.695Z generator field RequestTaskOnHeadersReceived.callback { alias: 'function callback',
  type: 'function',
  name: 'callback',
  params:
   [ { name: 'res',
       type: 'Object',
       alias: 'Object,res',
       fields:
        [ { name: 'header',
            type: 'Object',
            desc: '开发者服务器返回的 HTTP Response Header',
            version: '' } ] } ] }
2019-01-01T13:00:53.695Z generator param { name: 'res',
  type: 'Object',
  alias: 'Object,res',
  fields:
   [ { name: 'header',
       type: 'Object',
       desc: '开发者服务器返回的 HTTP Response Header',
       version: '' } ] }
2019-01-01T13:00:53.695Z generator field RequestTaskOnHeadersReceivedCallback.res { name: 'res',
  type: 'Object',
  alias: 'Object,res',
  fields:
   [ { name: 'header',
       type: 'Object',
       desc: '开发者服务器返回的 HTTP Response Header',
       version: '' } ] }
2019-01-01T13:00:53.696Z generator push interfaceQueue { name: 'res',
  type: 'Object',
  alias: 'Object,res',
  fields:
   [ { name: 'header',
       type: 'Object',
       desc: '开发者服务器返回的 HTTP Response Header',
       version: '' } ] }, [ { name: 'header',
    type: 'Object',
    desc: '开发者服务器返回的 HTTP Response Header',
    version: '' } ]
2019-01-01T13:00:53.696Z generator field RequestTask.offHeadersReceived { name: 'offHeadersReceived',
  href: 'RequestTask.offHeadersReceived.html',
  desc:
   '\n            RequestTask.offHeadersReceived(function callback)\n            \n基础库 2.1.0 开始支持，低版本需做兼容处理。\n\n            取消监听 HTTP Response Header 事件\n        ',
  parent: [ 'RequestTask' ],
  typing:
   { apiDesc:
      '\n            RequestTask.offHeadersReceived(function callback)\n            \n基础库 2.1.0 开始支持，低版本需做兼容处理。\n\n            取消监听 HTTP Response Header 事件\n        ',
     params:
      [ { alias: 'function callback',
          type: 'function',
          name: 'callback' } ],
     returns: { type: '', desc: '' } },
  params:
   [ { alias: 'function callback',
       type: 'function',
       name: 'callback' } ],
  returns: { type: '', desc: '' },
  type: 'function' }
2019-01-01T13:00:53.696Z generator param { alias: 'function callback',
  type: 'function',
  name: 'callback' }
2019-01-01T13:00:53.697Z generator field RequestTaskOffHeadersReceived.callback { alias: 'function callback',
  type: 'function',
  name: 'callback' }
2019-01-01T13:00:53.697Z generator task RequestTaskOnHeadersReceivedCallbackResField
2019-01-01T13:00:53.697Z generator interface  RequestTaskOnHeadersReceivedCallbackResField [ { name: 'header',
    type: 'Object',
    desc: '开发者服务器返回的 HTTP Response Header',
    version: '' } ]
2019-01-01T13:00:53.697Z generator field RequestTaskOnHeadersReceivedCallbackResField.header { name: 'header',
  type: 'Object',
  desc: '开发者服务器返回的 HTTP Response Header',
  version: '' }
2019-01-01T13:00:53.697Z generator push interfaceQueue { name: 'header',
  type: 'Object',
  desc: '开发者服务器返回的 HTTP Response Header',
  version: '' }, undefined
